<?xml version="1.0" encoding="UTF-8"?>
<!-- Generated by org.testng.reporters.JUnitReportReporter -->
<testsuite hostname="IN-J3NN6S3" failures="0" tests="1" name="com.myntra.qa.testcase.MyntraTest" time="28.936" errors="0" timestamp="2024-03-13T22:48:21 IST" skipped="0">
  <testcase classname="com.myntra.qa.testcase.MyntraTest" name="testcase" time="28.936"/>
</testsuite> <!-- com.myntra.qa.testcase.MyntraTest -->
